<?xml version="1.0" encoding="utf-8"?><testsuites><testsuite name="pytest" errors="0" failures="0" skipped="0" tests="3" time="12.021" timestamp="2021-04-30T17:12:46.629016" hostname="Richi-Sadan"><testcase classname="test_HomePage.TestHomePage" name="test_FormSubmission[getData0]" time="2.893" /><testcase classname="test_HomePage.TestHomePage" name="test_FormSubmission[getData1]" time="0.270" /><testcase classname="test_endTOend.TestOne" name="test_EndtoEnd" time="8.827" /></testsuite></testsuites>